Flow report for Camera
Thu Jun 04 17:08:25 2009
Quartus II Version 7.2 Build 203 02/05/2008 Service Pack 2 SJ Full Version


---------------------
; Table of Contents ;
---------------------
  1. Legal Notice
  2. Flow Summary
  3. Flow Settings
  4. Flow Non-Default Global Settings
  5. Flow Elapsed Time
  6. Flow Log



----------------
; Legal Notice ;
----------------
Copyright (C) 1991-2007 Altera Corporation
Your use of Altera Corporation's design tools, logic functions 
and other software and tools, and its AMPP partner logic 
functions, and any output files from any of the foregoing 
(including device programming or simulation files), and any 
associated documentation or information are expressly subject 
to the terms and conditions of the Altera Program License 
Subscription Agreement, Altera MegaCore Function License 
Agreement, or other applicable license agreement, including, 
without limitation, that your use is for the sole purpose of 
programming logic devices manufactured by Altera and sold by 
Altera or its authorized distributors.  Please refer to the 
applicable agreement for further details.



+------------------------------------------------------------------------------------+
; Flow Summary                                                                       ;
+------------------------------------+-----------------------------------------------+
; Flow Status                        ; Successful - Thu Jun 04 17:08:25 2009         ;
; Quartus II Version                 ; 7.2 Build 203 02/05/2008 SP 2 SJ Full Version ;
; Revision Name                      ; Camera                                        ;
; Top-level Entity Name              ; Camera                                        ;
; Family                             ; Cyclone II                                    ;
; Device                             ; EP2C20F484C7                                  ;
; Timing Models                      ; Final                                         ;
; Met timing requirements            ; Yes                                           ;
; Total logic elements               ; 146 / 18,752 ( < 1 % )                        ;
;     Total combinational functions  ; 146 / 18,752 ( < 1 % )                        ;
;     Dedicated logic registers      ; 67 / 18,752 ( < 1 % )                         ;
; Total registers                    ; 67                                            ;
; Total pins                         ; 81 / 315 ( 26 % )                             ;
; Total virtual pins                 ; 0                                             ;
; Total memory bits                  ; 0 / 239,616 ( 0 % )                           ;
; Embedded Multiplier 9-bit elements ; 0 / 52 ( 0 % )                                ;
; Total PLLs                         ; 0 / 4 ( 0 % )                                 ;
+------------------------------------+-----------------------------------------------+


+-----------------------------------------+
; Flow Settings                           ;
+-------------------+---------------------+
; Option            ; Setting             ;
+-------------------+---------------------+
; Start date & time ; 06/04/2009 17:07:32 ;
; Main task         ; Compilation         ;
; Revision Name     ; Camera              ;
+-------------------+---------------------+


+-----------------------------------------------------------------------------------------+
; Flow Non-Default Global Settings                                                        ;
+------------------------------------+---------+---------------+-------------+------------+
; Assignment Name                    ; Value   ; Default Value ; Entity Name ; Section Id ;
+------------------------------------+---------+---------------+-------------+------------+
; PARTITION_COLOR                    ; 2147039 ; --            ; --          ; Top        ;
; PARTITION_NETLIST_TYPE             ; SOURCE  ; --            ; --          ; Top        ;
; USE_GENERATED_PHYSICAL_CONSTRAINTS ; Off     ; --            ; --          ; eda_palace ;
+------------------------------------+---------+---------------+-------------+------------+


+------------------------------------------------------------------+
; Flow Elapsed Time                                                ;
+-------------------------+--------------+-------------------------+
; Module Name             ; Elapsed Time ; Average Processors Used ;
+-------------------------+--------------+-------------------------+
; Analysis & Synthesis    ; 00:00:10     ; 1.0                     ;
; Fitter                  ; 00:00:11     ; 1.0                     ;
; Assembler               ; 00:00:15     ; 1.0                     ;
; Classic Timing Analyzer ; 00:00:05     ; 1.0                     ;
; Total                   ; 00:00:41     ; --                      ;
+-------------------------+--------------+-------------------------+


------------
; Flow Log ;
------------
quartus_map --read_settings_files=on --write_settings_files=off Camera -c Camera
quartus_fit --read_settings_files=off --write_settings_files=off Camera -c Camera
quartus_asm --read_settings_files=off --write_settings_files=off Camera -c Camera
quartus_tan --read_settings_files=off --write_settings_files=off Camera -c Camera --timing_analysis_only



